0 info it worked if it ends with ok
1 verbose cli [ 'node',
1 verbose cli   '/usr/local/bin/npm',
1 verbose cli   'install',
1 verbose cli   'grunt-contrib-jasmine' ]
2 info using npm@1.2.11
3 info using node@v0.8.20
4 verbose read json /Users/normanerck/Dropbox/Enterprise-JavaScript/js-workshop/grunt-jasmine-bar/package.json
5 verbose read json /Users/normanerck/Dropbox/Enterprise-JavaScript/js-workshop/grunt-jasmine-bar/node_modules/grunt/package.json
6 verbose read json /Users/normanerck/Dropbox/Enterprise-JavaScript/js-workshop/grunt-jasmine-bar/node_modules/grunt-contrib-jasmine/package.json
7 verbose read json /Users/normanerck/Dropbox/Enterprise-JavaScript/js-workshop/grunt-jasmine-bar/node_modules/grunt-contrib-jshint/package.json
8 verbose read json /Users/normanerck/Dropbox/Enterprise-JavaScript/js-workshop/grunt-jasmine-bar/node_modules/grunt-contrib-uglify/package.json
9 verbose read json /Users/normanerck/Dropbox/Enterprise-JavaScript/js-workshop/grunt-jasmine-bar/node_modules/grunt-contrib-watch/package.json
10 verbose read json /Users/normanerck/Dropbox/Enterprise-JavaScript/js-workshop/grunt-jasmine-bar/node_modules/grunt-jasmine-runner/package.json
11 verbose read json /Users/normanerck/Dropbox/Enterprise-JavaScript/js-workshop/grunt-jasmine-bar/node_modules/grunt-jasmine-task/package.json
12 verbose read json /Users/normanerck/Dropbox/Enterprise-JavaScript/js-workshop/grunt-jasmine-bar/node_modules/grunt-jsdoc/package.json
13 verbose read json /Users/normanerck/Dropbox/Enterprise-JavaScript/js-workshop/grunt-jasmine-bar/node_modules/temporary/package.json
14 verbose from cache /Users/normanerck/Dropbox/Enterprise-JavaScript/js-workshop/grunt-jasmine-bar/package.json
15 verbose readDependencies using package.json deps
16 verbose cache add [ 'grunt-contrib-jasmine', null ]
17 verbose cache add name=undefined spec="grunt-contrib-jasmine" args=["grunt-contrib-jasmine",null]
18 verbose parsed url { pathname: 'grunt-contrib-jasmine',
18 verbose parsed url   path: 'grunt-contrib-jasmine',
18 verbose parsed url   href: 'grunt-contrib-jasmine' }
19 silly lockFile edb80795-grunt-contrib-jasmine grunt-contrib-jasmine
20 verbose lock grunt-contrib-jasmine /Users/normanerck/.npm/edb80795-grunt-contrib-jasmine.lock
21 silly lockFile edb80795-grunt-contrib-jasmine grunt-contrib-jasmine
22 verbose addNamed [ 'grunt-contrib-jasmine', '' ]
23 verbose addNamed [ null, '' ]
24 silly lockFile fda22b25-grunt-contrib-jasmine grunt-contrib-jasmine@
25 verbose lock grunt-contrib-jasmine@ /Users/normanerck/.npm/fda22b25-grunt-contrib-jasmine.lock
26 silly lockFile fda22b25-grunt-contrib-jasmine grunt-contrib-jasmine@
27 error Error: EACCES, open '/Users/normanerck/.npm/fda22b25-grunt-contrib-jasmine.lock'
27 error  { [Error: EACCES, open '/Users/normanerck/.npm/fda22b25-grunt-contrib-jasmine.lock']
27 error   errno: 3,
27 error   code: 'EACCES',
27 error   path: '/Users/normanerck/.npm/fda22b25-grunt-contrib-jasmine.lock' }
28 error Please try running this command again as root/Administrator.
29 error System Darwin 12.2.1
30 error command "node" "/usr/local/bin/npm" "install" "grunt-contrib-jasmine"
31 error cwd /Users/normanerck/Dropbox/Enterprise-JavaScript/js-workshop/grunt-jasmine-bar
32 error node -v v0.8.20
33 error npm -v 1.2.11
34 error path /Users/normanerck/.npm/fda22b25-grunt-contrib-jasmine.lock
35 error code EACCES
36 error errno 3
37 error stack Error: EACCES, open '/Users/normanerck/.npm/fda22b25-grunt-contrib-jasmine.lock'
38 verbose exit [ 3, true ]
